[0.074s] Invoking command in '/home/mr-cheng/Desktop/Car/Wireless_Lidar/extra_packages/build/wireless_lidar': CMAKE_PREFIX_PATH=${CMAKE_PREFIX_PATH}:/opt/ros/iron /usr/bin/cmake --build /home/mr-cheng/Desktop/Car/Wireless_Lidar/extra_packages/build/wireless_lidar -- -j16 -l16
[0.116s] -- Found ament_cmake: 2.0.3 (/opt/ros/iron/share/ament_cmake/cmake)
[0.260s] -- Found ament_lint_auto: 0.14.2 (/opt/ros/iron/share/ament_lint_auto/cmake)
[0.341s] -- Found rosidl_default_generators: 1.5.0 (/opt/ros/iron/share/rosidl_default_generators/cmake)
[0.345s] -- Using all available rosidl_typesupport_c: rosidl_typesupport_fastrtps_c;rosidl_typesupport_introspection_c
[0.386s] -- Using all available rosidl_typesupport_cpp: rosidl_typesupport_fastrtps_cpp;rosidl_typesupport_introspection_cpp
[0.424s] -- Found rosidl_adapter: 4.0.1 (/opt/ros/iron/share/rosidl_adapter/cmake)
[0.589s] [31mCMake Error at /opt/ros/iron/share/rosidl_adapter/cmake/rosidl_adapt_interfaces.cmake:57 (message):
[0.589s]   execute_process(/usr/bin/python3.10 -m rosidl_adapter --package-name
[0.589s]   wireless_lidar --arguments-file
[0.589s]   /home/mr-cheng/Desktop/Car/Wireless_Lidar/extra_packages/build/wireless_lidar/rosidl_adapter__arguments__wireless_lidar.json
[0.589s]   --output-dir
[0.589s]   /home/mr-cheng/Desktop/Car/Wireless_Lidar/extra_packages/build/wireless_lidar/rosidl_adapter/wireless_lidar
[0.589s]   --output-file
[0.589s]   /home/mr-cheng/Desktop/Car/Wireless_Lidar/extra_packages/build/wireless_lidar/rosidl_adapter/wireless_lidar.idls)
[0.589s]   returned error code 1:
[0.590s] 
[0.590s]   Error processing 'uint32 Time' of 'wireless_lidar/LidarData': ''Time' is an
[0.590s]   invalid field name.  It should have the pattern
[0.590s]   '^(?!.*__)(?!.*_$)[a-z][a-z0-9_]*$''
[0.590s] 
[0.590s]   Traceback (most recent call last):
[0.590s] 
[0.590s]     File "/usr/lib/python3.10/runpy.py", line 196, in _run_module_as_main
[0.590s]       return _run_code(code, main_globals, None,
[0.590s]     File "/usr/lib/python3.10/runpy.py", line 86, in _run_code
[0.590s]       exec(code, run_globals)
[0.590s]     File "/opt/ros/iron/lib/python3.10/site-packages/rosidl_adapter/__main__.py", line 19, in <module>
[0.591s]       sys.exit(main())
[0.591s]     File "/opt/ros/iron/lib/python3.10/site-packages/rosidl_adapter/main.py", line 53, in main
[0.591s]       abs_idl_file = convert_to_idl(
[0.591s]     File "/opt/ros/iron/lib/python3.10/site-packages/rosidl_adapter/__init__.py", line 19, in convert_to_idl
[0.591s]       return convert_msg_to_idl(
[0.591s]     File "/opt/ros/iron/lib/python3.10/site-packages/rosidl_adapter/msg/__init__.py", line 28, in convert_msg_to_idl
[0.591s]       msg = parse_message_string(package_name, input_file.stem, content)
[0.591s]     File "/opt/ros/iron/lib/python3.10/site-packages/rosidl_adapter/parser.py", line 520, in parse_message_string
[0.591s]       fields.append(Field(
[0.591s]     File "/opt/ros/iron/lib/python3.10/site-packages/rosidl_adapter/parser.py", line 355, in __init__
[0.591s]       raise NameError(
[0.592s] 
[0.592s]   NameError: 'Time' is an invalid field name.  It should have the pattern
[0.592s]   '^(?!.*__)(?!.*_$)[a-z][a-z0-9_]*$'
[0.592s] 
[0.592s] Call Stack (most recent call first):
[0.592s]   /opt/ros/iron/share/rosidl_cmake/cmake/rosidl_generate_interfaces.cmake:132 (rosidl_adapt_interfaces)
[0.592s]   CMakeLists.txt:28 (rosidl_generate_interfaces)
[0.592s] 
[0.592s] [0m
[0.592s] -- Configuring incomplete, errors occurred!
[0.593s] See also "/home/mr-cheng/Desktop/Car/Wireless_Lidar/extra_packages/build/wireless_lidar/CMakeFiles/CMakeOutput.log".
[0.594s] gmake: *** [Makefile:1085: cmake_check_build_system] Error 1
[0.596s] Invoked command in '/home/mr-cheng/Desktop/Car/Wireless_Lidar/extra_packages/build/wireless_lidar' returned '2': CMAKE_PREFIX_PATH=${CMAKE_PREFIX_PATH}:/opt/ros/iron /usr/bin/cmake --build /home/mr-cheng/Desktop/Car/Wireless_Lidar/extra_packages/build/wireless_lidar -- -j16 -l16
