-- Found ament_cmake: 1.3.8 (/opt/ros/humble/share/ament_cmake/cmake)
Traceback (most recent call last):
  File "/opt/ros/humble/share/ament_cmake_core/cmake/core/package_xml_2_cmake.py", line 22, in <module>
    from catkin_pkg.package import parse_package_string
ModuleNotFoundError: No module named 'catkin_pkg'
[31mCMake Error at /opt/ros/humble/share/ament_cmake_core/cmake/core/ament_package_xml.cmake:95 (message):
  execute_process(/home/mr-cheng/Bag/miniconda3/bin/python3
  /opt/ros/humble/share/ament_cmake_core/cmake/core/package_xml_2_cmake.py
  /home/mr-cheng/Documents/ROS2/Car/src/slam_gmapping/openslam_gmapping/package.xml
  /home/mr-cheng/Documents/ROS2/Car/build/openslam_gmapping/ament_cmake_core/package.cmake)
  returned error code 1
Call Stack (most recent call first):
  /opt/ros/humble/share/ament_cmake_core/cmake/core/ament_package_xml.cmake:49 (_ament_package_xml)
  /opt/ros/humble/share/ament_cmake_core/cmake/core/ament_package.cmake:63 (ament_package_xml)
  CMakeLists.txt:39 (ament_package)

[0m
-- Configuring incomplete, errors occurred!
See also "/home/mr-cheng/Documents/ROS2/Car/build/openslam_gmapping/CMakeFiles/CMakeOutput.log".
gmake: *** [Makefile:310: cmake_check_build_system] Error 1
