[0.014s] Invoking command in '/home/mr-cheng/Documents/ROS2/Car/build/openslam_gmapping': CMAKE_PREFIX_PATH=${CMAKE_PREFIX_PATH}:/opt/ros/humble /usr/bin/cmake --build /home/mr-cheng/Documents/ROS2/Car/build/openslam_gmapping -- -j16 -l16
[0.033s] -- Found ament_cmake: 1.3.8 (/opt/ros/humble/share/ament_cmake/cmake)
[0.187s] Traceback (most recent call last):
[0.187s]   File "/opt/ros/humble/share/ament_cmake_core/cmake/core/package_xml_2_cmake.py", line 22, in <module>
[0.187s]     from catkin_pkg.package import parse_package_string
[0.187s] ModuleNotFoundError: No module named 'catkin_pkg'
[0.190s] [31mCMake Error at /opt/ros/humble/share/ament_cmake_core/cmake/core/ament_package_xml.cmake:95 (message):
[0.190s]   execute_process(/home/mr-cheng/Bag/miniconda3/bin/python3
[0.190s]   /opt/ros/humble/share/ament_cmake_core/cmake/core/package_xml_2_cmake.py
[0.190s]   /home/mr-cheng/Documents/ROS2/Car/src/slam_gmapping/openslam_gmapping/package.xml
[0.190s]   /home/mr-cheng/Documents/ROS2/Car/build/openslam_gmapping/ament_cmake_core/package.cmake)
[0.190s]   returned error code 1
[0.190s] Call Stack (most recent call first):
[0.190s]   /opt/ros/humble/share/ament_cmake_core/cmake/core/ament_package_xml.cmake:49 (_ament_package_xml)
[0.191s]   /opt/ros/humble/share/ament_cmake_core/cmake/core/ament_package.cmake:63 (ament_package_xml)
[0.191s]   CMakeLists.txt:39 (ament_package)
[0.191s] 
[0.191s] [0m
[0.191s] -- Configuring incomplete, errors occurred!
[0.191s] See also "/home/mr-cheng/Documents/ROS2/Car/build/openslam_gmapping/CMakeFiles/CMakeOutput.log".
[0.193s] gmake: *** [Makefile:310: cmake_check_build_system] Error 1
[0.284s] Invoked command in '/home/mr-cheng/Documents/ROS2/Car/build/openslam_gmapping' returned '2': CMAKE_PREFIX_PATH=${CMAKE_PREFIX_PATH}:/opt/ros/humble /usr/bin/cmake --build /home/mr-cheng/Documents/ROS2/Car/build/openslam_gmapping -- -j16 -l16
